<?xml version="1.0" encoding="UTF-8"?>
<robot generator="Robot 6.0.2 (Python 3.11.1 on win32)" generated="20230126 18:24:59.044" rpa="false" schemaversion="3">
<suite id="s1" name="FB" source="D:\Test\FB.robot">
<test id="s1-t1" name="Invalid Case: Login to Facebook" line="11">
<kw name="Open Browser" library="SeleniumLibrary">
<arg>${URL}</arg>
<arg>chrome</arg>
<doc>Opens a new browser instance to the optional ``url``.</doc>
<msg timestamp="20230126 18:24:59.303" level="INFO">Opening browser 'chrome' to base url 'https://www.facebook.com/'.</msg>
<status status="PASS" starttime="20230126 18:24:59.302" endtime="20230126 18:25:04.279"/>
</kw>
<kw name="Input Text" library="SeleniumLibrary">
<arg>id=email</arg>
<arg>${F_USERNAME}</arg>
<doc>Types the given ``text`` into the text field identified by ``locator``.</doc>
<msg timestamp="20230126 18:25:04.279" level="INFO">Typing text '1234' into text field 'id=email'.</msg>
<status status="PASS" starttime="20230126 18:25:04.279" endtime="20230126 18:25:04.338"/>
</kw>
<kw name="Input Text" library="SeleniumLibrary">
<arg>id=pass</arg>
<arg>${F_PASSWORD}</arg>
<doc>Types the given ``text`` into the text field identified by ``locator``.</doc>
<msg timestamp="20230126 18:25:04.339" level="INFO">Typing text '1234' into text field 'id=pass'.</msg>
<status status="PASS" starttime="20230126 18:25:04.338" endtime="20230126 18:25:04.414"/>
</kw>
<kw name="Click Button" library="SeleniumLibrary">
<arg>name=login</arg>
<doc>Clicks the button identified by ``locator``.</doc>
<msg timestamp="20230126 18:25:04.415" level="INFO">Clicking button 'name=login'.</msg>
<status status="PASS" starttime="20230126 18:25:04.415" endtime="20230126 18:25:04.485"/>
</kw>
<kw name="Wait Until Element Is Visible" library="SeleniumLibrary">
<arg>//*[@id="login_link"]/div/a</arg>
<doc>Waits until the element ``locator`` is visible.</doc>
<status status="PASS" starttime="20230126 18:25:04.486" endtime="20230126 18:25:05.613"/>
</kw>
<kw name="Page Should Contain" library="SeleniumLibrary">
<arg>Log in to Facebook</arg>
<doc>Verifies that current page contains ``text``.</doc>
<msg timestamp="20230126 18:25:05.626" level="INFO">Current page contains text 'Log in to Facebook'.</msg>
<status status="PASS" starttime="20230126 18:25:05.613" endtime="20230126 18:25:05.626"/>
</kw>
<kw name="Close Browser" library="SeleniumLibrary">
<doc>Closes the current browser.</doc>
<status status="PASS" starttime="20230126 18:25:05.627" endtime="20230126 18:25:08.331"/>
</kw>
<status status="PASS" starttime="20230126 18:24:59.302" endtime="20230126 18:25:08.332"/>
</test>
<test id="s1-t2" name="Valid Case: Login to Facebook" line="30">
<kw name="Open Browser" library="SeleniumLibrary">
<arg>${URL}</arg>
<arg>chrome</arg>
<doc>Opens a new browser instance to the optional ``url``.</doc>
<msg timestamp="20230126 18:25:08.334" level="INFO">Opening browser 'chrome' to base url 'https://www.facebook.com/'.</msg>
<status status="PASS" starttime="20230126 18:25:08.333" endtime="20230126 18:25:13.529"/>
</kw>
<kw name="Input Text" library="SeleniumLibrary">
<arg>id=email</arg>
<arg>${T_USERNAME}</arg>
<doc>Types the given ``text`` into the text field identified by ``locator``.</doc>
<msg timestamp="20230126 18:25:13.531" level="INFO">Typing text 'my_username' into text field 'id=email'.</msg>
<status status="PASS" starttime="20230126 18:25:13.529" endtime="20230126 18:25:13.621"/>
</kw>
<kw name="Input Text" library="SeleniumLibrary">
<arg>id=pass</arg>
<arg>${T_PASSWORD}</arg>
<doc>Types the given ``text`` into the text field identified by ``locator``.</doc>
<msg timestamp="20230126 18:25:13.621" level="INFO">Typing text 'my_password' into text field 'id=pass'.</msg>
<status status="PASS" starttime="20230126 18:25:13.621" endtime="20230126 18:25:13.728"/>
</kw>
<kw name="Click Button" library="SeleniumLibrary">
<arg>name=login</arg>
<doc>Clicks the button identified by ``locator``.</doc>
<msg timestamp="20230126 18:25:13.729" level="INFO">Clicking button 'name=login'.</msg>
<status status="PASS" starttime="20230126 18:25:13.728" endtime="20230126 18:25:13.796"/>
</kw>
<kw name="Page Should Not Contain" library="SeleniumLibrary">
<arg>Facebook helps you connect and share with the people in your life.</arg>
<doc>Verifies the current page does not contain ``text``.</doc>
<msg timestamp="20230126 18:25:21.584" level="INFO" html="true">&lt;/td&gt;&lt;/tr&gt;&lt;tr&gt;&lt;td colspan="3"&gt;&lt;a href="selenium-screenshot-1.png"&gt;&lt;img src="selenium-screenshot-1.png" width="800px"&gt;&lt;/a&gt;</msg>
<msg timestamp="20230126 18:25:21.585" level="FAIL">Page should not have contained text 'Facebook helps you connect and share with the people in your life.'.</msg>
<status status="FAIL" starttime="20230126 18:25:13.796" endtime="20230126 18:25:21.591"/>
</kw>
<kw name="Close Browser" library="SeleniumLibrary">
<doc>Closes the current browser.</doc>
<status status="NOT RUN" starttime="20230126 18:25:21.591" endtime="20230126 18:25:21.591"/>
</kw>
<status status="FAIL" starttime="20230126 18:25:08.333" endtime="20230126 18:25:21.591">Page should not have contained text 'Facebook helps you connect and share with the people in your life.'.</status>
</test>
<status status="FAIL" starttime="20230126 18:24:59.047" endtime="20230126 18:25:21.594"/>
</suite>
<statistics>
<total>
<stat pass="1" fail="1" skip="0">All Tests</stat>
</total>
<tag>
</tag>
<suite>
<stat pass="1" fail="1" skip="0" id="s1" name="FB">FB</stat>
</suite>
</statistics>
<errors>
</errors>
</robot>
